Arguments: 
  F:\Program Files\nodejs\node.exe C:\Users\13910\AppData\Roaming\npm\node_modules\yarn\bin\yarn.js

PATH: 
  C:\Users\13910\bin;C:\Program Files\Git\mingw64\bin;C:\Program Files\Git\usr\local\bin;C:\Program Files\Git\usr\bin;C:\Program Files\Git\usr\bin;C:\Program Files\Git\mingw64\bin;C:\Program Files\Git\usr\bin;C:\Users\13910\bin;C:\Program Files (x86)\Common Files\Intel\Shared Libraries\redist\intel64\compiler;C:\WINDOWS\system32;C:\WINDOWS;C:\WINDOWS\System32\Wbem;C:\WINDOWS\System32\WindowsPowerShell\v1.0;C:\Program Files\Git\cmd;C:\Program Files\TortoiseSVN\bin;C:\Program Files (x86)\MySQL\MySQL Fabric 1.5 & MySQL Utilities 1.5;C:\Program Files (x86)\MySQL\MySQL Fabric 1.5 & MySQL Utilities 1.5\Doctrine extensions for PHP;F:\xuchang2018\tools\Microsoft VS Code\bin;C:\WINDOWS\System32\OpenSSH;F:\Program Files\nodejs;F:\Program Files\Dart\dart-sdk\bin;F:\Program Files\Dart;F:\flutter\flutter_windows_v1.7.1-dev\flutter\bin;C:\Ruby25-x64\bin;C:\Users\13910\AppData\Local\Microsoft\WindowsApps;F:\install\Microsoft VS Code\bin;F:\mysql\MySQL Server 5.5\bin;F:\xuchang2018\tools\Microsoft VS Code\bin;F:\Anaconda3;F:\Anaconda3\Scripts;F:\Program Files\nodejs;C:\Users\13910\AppData\Roaming\npm;F:\Program Files (x86)\Egret\Egret Wing 3\bin;C:\Program Files\Git\usr\bin\vendor_perl;C:\Program Files\Git\usr\bin\core_perl

Yarn version: 
  1.5.1

Node version: 
  9.0.0

Platform: 
  win32 x64

npm manifest: 
  {
    "name": "hotwords2019",
    "version": "1.0.0",
    "description": "",
    "main": "index.js",
    "scripts": {
      "test": "echo \"Error: no test specified\" && exit 1",
      "start": "webpack-dev-server --hot --inline --port 4063  --mode development",
      "build": "webpack -w --mode production"
    },
    "author": "",
    "license": "ISC",
    "dependencies": {
      "@babel/preset-env": "^7.3.1",
      "babel-helper-vue-jsx-merge-props": "^2.0.3",
      "babel-plugin-import": "^1.1.0",
      "babel-plugin-transform-object-assign": "^6.8.0",
      "babel-plugin-transform-runtime": "^6.1.2",
      "babel-plugin-transform-vue-jsx": "^3.5.0",
      "babel-polyfill": "^6.9.0",
      "babel-preset-es2015": "^6.1.2",
      "babel-preset-stage-0": "^6.1.2",
      "babel-runtime": "^5.8.0",
      "css-loader": "^0.23.1",
      "extract-text-webpack-plugin": "^3.0.2",
      "file-loader": "^0.8.5",
      "html-loader": "^0.5.4",
      "iscroll": "^5.2.0",
      "jquery": "^3.3.1",
      "less": "^3.9.0",
      "less-loader": "^2.2.2",
      "less-plugin-clean-css": "^1.5.1",
      "open-browser-webpack-plugin": "^0.0.5",
      "sass-loader": "^7.1.0",
      "style-loader": "^0.13.0",
      "url-loader": "^1.1.2",
      "velocity": "^0.7.2",
      "velocity-animate": "^1.5.1",
      "vue-animated-list": "^1.0.2",
      "vue-hot-reload-api": "^2.2.4",
      "vue-html-loader": "^1.2.4",
      "vue-js-tap": "^1.2.3",
      "vue-style-loader": "^3.0.1",
      "vue-touch": "^1.1.0"
    },
    "devDependencies": {
      "@babel/core": "^7.3.3",
      "@babel/plugin-proposal-class-properties": "^7.3.3",
      "@babel/plugin-transform-runtime": "^7.2.0",
      "@babel/runtime": "^7.3.1",
      "babel-core": "^6.26.3",
      "babel-loader": "^7.1.5",
      "babel-preset-env": "^1.7.0",
      "html-webpack-plugin": "^2.30.1",
      "node-sass": "^4.12.0",
      "vue": "^2.6.6",
      "vue-loader": "^14.2.2",
      "vue-template-compiler": "^2.6.6",
      "webpack": "^4.29.6",
      "webpack-cli": "^3.3.0",
      "webpack-dev-server": "^3.1.14"
    }
  }

yarn manifest: 
  No manifest

Lockfile: 
  No lockfile

Trace: 
  Error: Found incompatible module
      at new MessageError (C:\Users\13910\AppData\Roaming\npm\node_modules\yarn\lib\cli.js:186:110)
      at checkOne (C:\Users\13910\AppData\Roaming\npm\node_modules\yarn\lib\cli.js:62444:11)
      at Object.check (C:\Users\13910\AppData\Roaming\npm\node_modules\yarn\lib\cli.js:62463:5)
      at C:\Users\13910\AppData\Roaming\npm\node_modules\yarn\lib\cli.js:22803:73
      at Generator.next (<anonymous>)
      at step (C:\Users\13910\AppData\Roaming\npm\node_modules\yarn\lib\cli.js:98:30)
      at C:\Users\13910\AppData\Roaming\npm\node_modules\yarn\lib\cli.js:109:13
      at <anonymous>
